kommrade_firma/build/app/outputs/mapping/release/mapping.txt
# compiler: R8
# compiler_version: 1.5.64
# min_api: 16
# pg_map_id: 24ddb05
...
io.flutter.embedding.engine.dart.DartMessenger$Reply -> io.flutter.embedding.engine.e.b$a:
    io.flutter.embedding.engine.FlutterJNI flutterJNI -> a
    java.util.concurrent.atomic.AtomicBoolean done -> c
    int replyId -> b
    void reply(java.nio.ByteBuffer) -> a
io.flutter.embedding.engine.dart.PlatformMessageHandler -> io.flutter.embedding.engine.e.c:
    void handleMessageFromDart(java.lang.String,byte[],int) -> a
    void handlePlatformMessageResponse(int,byte[]) -> a
io.flutter.embedding.engine.deferredcomponents.DeferredComponentManager -> io.flutter.embedding.engine.f.a:
    void destroy() -> a
    java.lang.String getDeferredComponentInstallState(int,java.lang.String) -> a
    void setDeferredComponentChannel(io.flutter.embedding.engine.systemchannels.DeferredComponentChannel) -> a
    void setJNI(io.flutter.embedding.engine.FlutterJNI) -> a
    void installDeferredComponent(int,java.lang.String) -> b
    boolean uninstallDeferredComponent(int,java.lang.String) -> c
io.flutter.embedding.engine.loader.ApplicationInfoLoader -> io.flutter.embedding.engine.g.a:
    java.lang.String PUBLIC_AOT_SHARED_LIBRARY_NAME -> a
    java.lang.String PUBLIC_ISOLATE_SNAPSHOT_DATA_KEY -> c
    java.lang.String PUBLIC_VM_SNAPSHOT_DATA_KEY -> b
    java.lang.String PUBLIC_FLUTTER_ASSETS_DIR_KEY -> d
    android.content.pm.ApplicationInfo getApplicationInfo(android.content.Context) -> a
    java.lang.String getNetworkPolicy(android.content.pm.ApplicationInfo,android.content.Context) -> a
    java.lang.String getString(android.os.Bundle,java.lang.String) -> a
    void parseDomain(android.content.res.XmlResourceParser,org.json.JSONArray,boolean) -> a
    void skipTag(android.content.res.XmlResourceParser) -> a
    io.flutter.embedding.engine.loader.FlutterApplicationInfo load(android.content.Context) -> b
    void parseDomainConfig(android.content.res.XmlResourceParser,org.json.JSONArray,boolean) -> b
io.flutter.embedding.engine.loader.FlutterApplicationInfo -> io.flutter.embedding.engine.g.b:
    boolean clearTextPermitted -> e
    java.lang.String aotSharedLibraryName -> a
    java.lang.String domainNetworkPolicy -> c
    java.lang.String flutterAssetsDir -> b
    java.lang.String nativeLibraryDir -> d
io.flutter.embedding.engine.loader.FlutterLoader -> io.flutter.embedding.engine.g.c:
    io.flutter.embedding.engine.loader.FlutterApplicationInfo flutterApplicationInfo -> d
    long initStartTimestampMillis -> c
    boolean initialized -> a
    io.flutter.embedding.engine.FlutterJNI flutterJNI -> e
    java.util.concurrent.Future initResultFuture -> f
    io.flutter.embedding.engine.loader.FlutterLoader$Settings settings -> b
    io.flutter.embedding.engine.loader.ResourceExtractor access$000(io.flutter.embedding.engine.loader.FlutterLoader,android.content.Context) -> a
    io.flutter.embedding.engine.FlutterJNI access$100(io.flutter.embedding.engine.loader.FlutterLoader) -> a
    void ensureInitializationComplete(android.content.Context,java.lang.String[]) -> a
    java.lang.String findAppBundlePath() -> a
    void startInitialization(android.content.Context) -> a
    void startInitialization(android.content.Context,io.flutter.embedding.engine.loader.FlutterLoader$Settings) -> a
    io.flutter.embedding.engine.loader.ResourceExtractor initResources(android.content.Context) -> b
io.flutter.embedding.engine.loader.FlutterLoader$1 -> io.flutter.embedding.engine.g.c$a:
    android.content.Context val$appContext -> a
    io.flutter.embedding.engine.loader.FlutterLoader this$0 -> b
io.flutter.embedding.engine.loader.FlutterLoader$1$1 -> io.flutter.embedding.engine.g.c$a$a:
    io.flutter.embedding.engine.loader.FlutterLoader$1 this$1 -> a
io.flutter.embedding.engine.loader.FlutterLoader$InitResult -> io.flutter.embedding.engine.g.c$b:
    java.lang.String appStoragePath -> a
    java.lang.String engineCachesPath -> b